0 info it worked if it ends with ok
1 verbose cli [ '/usr/local/Cellar/node/4.2.1/bin/node',
1 verbose cli   '/usr/local/bin/npm',
1 verbose cli   'run',
1 verbose cli   'heroku' ]
2 info using npm@3.5.1
3 info using node@v4.2.1
4 verbose run-script [ 'preheroku', 'heroku', 'postheroku' ]
5 info lifecycle tutorial@1.0.0~preheroku: tutorial@1.0.0
6 silly lifecycle tutorial@1.0.0~preheroku: no script for preheroku, continuing
7 info lifecycle tutorial@1.0.0~heroku: tutorial@1.0.0
8 verbose lifecycle tutorial@1.0.0~heroku: unsafe-perm in lifecycle true
9 verbose lifecycle tutorial@1.0.0~heroku: PATH: /usr/local/lib/node_modules/npm/bin/node-gyp-bin:/Users/cshutchinson/Development/cfe/node_modules/.bin:/Users/cshutchinson/.rbenv/shims:/Users/cshutchinson/.rbenv/bin:/usr/local/heroku/bin:/usr/local/bin:/usr/bin:/bin:/usr/sbin:/sbin:/usr/local/go:/usr/local/go/bin:/Users/cshutchinson/work/bin:/Users/cshutchinson/apache-maven-3.3.9/bin:/Users/cshutchinson/java
10 verbose lifecycle tutorial@1.0.0~heroku: CWD: /Users/cshutchinson/Development/cfe
11 silly lifecycle tutorial@1.0.0~heroku: Args: [ '-c', 'webpack && PORT=80 node server.js' ]
12 silly lifecycle tutorial@1.0.0~heroku: Returned: code: 1  signal: null
13 info lifecycle tutorial@1.0.0~heroku: Failed to exec heroku script
14 verbose stack Error: tutorial@1.0.0 heroku: `webpack && PORT=80 node server.js`
14 verbose stack Exit status 1
14 verbose stack     at EventEmitter.<anonymous> (/usr/local/lib/node_modules/npm/lib/utils/lifecycle.js:232:16)
14 verbose stack     at emitTwo (events.js:87:13)
14 verbose stack     at EventEmitter.emit (events.js:172:7)
14 verbose stack     at ChildProcess.<anonymous> (/usr/local/lib/node_modules/npm/lib/utils/spawn.js:24:14)
14 verbose stack     at emitTwo (events.js:87:13)
14 verbose stack     at ChildProcess.emit (events.js:172:7)
14 verbose stack     at maybeClose (internal/child_process.js:818:16)
14 verbose stack     at Process.ChildProcess._handle.onexit (internal/child_process.js:211:5)
15 verbose pkgid tutorial@1.0.0
16 verbose cwd /Users/cshutchinson/Development/cfe
17 error Darwin 15.6.0
18 error argv "/usr/local/Cellar/node/4.2.1/bin/node" "/usr/local/bin/npm" "run" "heroku"
19 error node v4.2.1
20 error npm  v3.5.1
21 error code ELIFECYCLE
22 error tutorial@1.0.0 heroku: `webpack && PORT=80 node server.js`
22 error Exit status 1
23 error Failed at the tutorial@1.0.0 heroku script 'webpack && PORT=80 node server.js'.
23 error Make sure you have the latest version of node.js and npm installed.
23 error If you do, this is most likely a problem with the tutorial package,
23 error not with npm itself.
23 error Tell the author that this fails on your system:
23 error     webpack && PORT=80 node server.js
23 error You can get information on how to open an issue for this project with:
23 error     npm bugs tutorial
23 error Or if that isn't available, you can get their info via:
23 error     npm owner ls tutorial
23 error There is likely additional logging output above.
24 verbose exit [ 1, true ]
